2022-09-05 12:27:11,280:logger:[Errno 2] No such file or directory: '../dvc-storage/30/c9ccb5af66c21f65e7d1da967e6251'
2022-09-05 12:47:02,475:logger:../data/store.csv with version v1 Loaded
2022-09-05 12:57:13,043:logger:TESTING LOGGER
2022-09-05 12:59:23,346:scripts.logger:TESTING LOGGER
2022-09-05 13:08:24,101:logger:../data/store.csv with version v1 Loaded
2022-09-05 13:14:29,401:logger:../data/train.csv with version v1 Loaded
2022-09-05 13:15:09,478:logger:../data/test.csv with version v1 Loaded
2022-09-06 04:27:09,029:logger:../data/store.csv with version v1 Loaded
2022-09-06 04:27:12,142:logger:../data/train.csv with version v1 Loaded
2022-09-06 04:27:12,876:logger:../data/test.csv with version v1 Loaded
2022-09-06 04:36:26,194:logger:[] converted to string.
2022-09-06 04:36:26,196:logger:'Date'
2022-09-06 04:38:47,424:logger:../data/store.csv with version v1 Loaded
2022-09-06 04:38:49,220:logger:../data/train.csv with version v1 Loaded
2022-09-06 04:38:49,356:logger:../data/test.csv with version v1 Loaded
2022-09-06 04:39:08,216:logger:[] converted to string.
2022-09-06 04:39:08,218:logger:[] converted to datetime.
2022-09-06 04:39:24,246:logger:[] converted to string.
2022-09-06 04:39:24,401:logger:['Date'] converted to datetime.
2022-09-06 04:39:26,430:logger:Column 'Year' added.
2022-09-06 04:39:28,216:logger:Column 'Month' added.
2022-09-06 04:39:30,167:logger:Column 'DayOfMonth' added.
2022-09-06 04:39:32,182:logger:Column 'WeekOfYear' added.
2022-09-06 04:40:09,317:logger:[] converted to string.
2022-09-06 04:40:09,327:logger:['Date'] converted to datetime.
2022-09-06 04:40:11,105:logger:Column 'Year' added.
2022-09-06 04:40:12,846:logger:Column 'Month' added.
2022-09-06 04:40:14,565:logger:Column 'DayOfMonth' added.
2022-09-06 04:40:16,119:logger:Column 'WeekOfYear' added.
2022-09-06 04:40:59,037:logger:[] converted to string.
2022-09-06 04:40:59,048:logger:['Date'] converted to datetime.
2022-09-06 04:41:00,827:logger:Column 'Year' added.
2022-09-06 04:41:02,833:logger:Column 'Month' added.
2022-09-06 04:41:04,877:logger:Column 'DayOfMonth' added.
2022-09-06 04:41:06,686:logger:Column 'WeekOfYear' added.
2022-09-06 04:41:20,813:logger:../data/store.csv with version v1 Loaded
2022-09-06 04:41:21,421:logger:../data/train.csv with version v1 Loaded
2022-09-06 04:41:21,546:logger:../data/test.csv with version v1 Loaded
2022-09-06 04:41:24,360:logger:[] converted to string.
2022-09-06 04:41:24,517:logger:['Date'] converted to datetime.
2022-09-06 04:41:26,625:logger:Column 'Year' added.
2022-09-06 04:41:28,336:logger:Column 'Month' added.
2022-09-06 04:41:29,912:logger:Column 'DayOfMonth' added.
2022-09-06 04:41:31,875:logger:Column 'WeekOfYear' added.
2022-09-06 04:41:32,141:logger:Column 'weekday' added.
2022-09-06 04:43:22,084:logger:../data/store.csv with version v1 Loaded
2022-09-06 04:43:24,038:logger:../data/train.csv with version v1 Loaded
2022-09-06 04:43:24,172:logger:../data/test.csv with version v1 Loaded
2022-09-06 04:43:25,738:logger:['StateHoliday'] converted to string.
2022-09-06 04:43:25,740:logger:'Date'
2022-09-06 04:46:22,364:logger:../data/store.csv with version v1 Loaded
2022-09-06 04:46:22,970:logger:../data/train.csv with version v1 Loaded
2022-09-06 04:46:23,073:logger:../data/test.csv with version v1 Loaded
2022-09-06 04:46:25,948:logger:['StateHoliday'] converted to string.
2022-09-06 04:46:25,949:logger:'Date'
2022-09-06 04:46:44,583:logger:../data/store.csv with version v1 Loaded
2022-09-06 04:46:45,155:logger:../data/train.csv with version v1 Loaded
2022-09-06 04:46:45,234:logger:../data/test.csv with version v1 Loaded
2022-09-06 04:46:48,735:logger:['StateHoliday'] converted to string.
2022-09-06 04:46:48,736:logger:'Date'
2022-09-06 04:47:30,908:logger:../data/store.csv with version v1 Loaded
2022-09-06 04:47:31,511:logger:../data/train.csv with version v1 Loaded
2022-09-06 04:47:31,589:logger:../data/test.csv with version v1 Loaded
2022-09-06 04:47:34,509:logger:['StateHoliday'] converted to string.
2022-09-06 04:47:34,634:logger:['Date'] converted to datetime.
2022-09-06 04:47:36,790:logger:Column 'Year' added.
2022-09-06 04:47:38,367:logger:Column 'Month' added.
2022-09-06 04:47:39,930:logger:Column 'DayOfMonth' added.
2022-09-06 04:47:41,909:logger:Column 'WeekOfYear' added.
2022-09-06 04:47:42,162:logger:Column 'weekday' added.
2022-09-06 05:32:39,573:logger:../data/store.csv with version v1 Loaded
2022-09-06 05:32:40,708:logger:../data/train.csv with version v1 Loaded
2022-09-06 05:32:40,805:logger:../data/test.csv with version v1 Loaded
2022-09-06 05:32:43,841:logger:['StateHoliday'] converted to string.
2022-09-06 05:32:43,964:logger:['Date'] converted to datetime.
2022-09-06 05:32:46,046:logger:Column 'Year' added.
2022-09-06 05:32:47,655:logger:Column 'Month' added.
2022-09-06 05:32:49,286:logger:Column 'DayOfMonth' added.
2022-09-06 05:32:51,333:logger:Column 'WeekOfYear' added.
2022-09-06 05:32:51,591:logger:Column 'weekday' added.
2022-09-06 05:33:27,134:logger:../data/store.csv with version v1 Loaded
2022-09-06 05:33:27,736:logger:../data/train.csv with version v1 Loaded
2022-09-06 05:33:27,821:logger:../data/test.csv with version v1 Loaded
2022-09-06 05:33:30,586:logger:['StateHoliday'] converted to string.
2022-09-06 05:33:30,712:logger:['Date'] converted to datetime.
2022-09-06 05:33:32,839:logger:Column 'Year' added.
2022-09-06 05:33:34,481:logger:Column 'Month' added.
2022-09-06 05:33:36,086:logger:Column 'DayOfMonth' added.
2022-09-06 05:33:38,083:logger:Column 'WeekOfYear' added.
2022-09-06 05:33:38,347:logger:Column 'weekday' added.
2022-09-06 07:50:10,824:logger:../data/store.csv with version v1 Loaded
2022-09-06 07:50:11,525:logger:../data/train.csv with version v1 Loaded
2022-09-06 07:50:11,619:logger:../data/test.csv with version v1 Loaded
2022-09-06 07:50:14,441:logger:['StateHoliday'] converted to string.
2022-09-06 07:50:14,570:logger:['Date'] converted to datetime.
2022-09-06 07:50:16,978:logger:Column 'Year' added.
2022-09-06 07:50:18,754:logger:Column 'Month' added.
2022-09-06 07:50:20,565:logger:Column 'DayOfMonth' added.
2022-09-06 07:50:22,827:logger:Column 'WeekOfYear' added.
2022-09-06 07:50:23,105:logger:Column 'weekday' added.
2022-09-06 07:50:23,188:logger:2343 missing values found
2022-09-06 07:50:23,334:logger:Your selected dataframe has 10 columns.
There are 6 columns that have missing values.
2022-09-06 07:50:23,558:logger:750 rows have missing values
2022-09-06 07:50:23,714:logger:544 rows have missing values
2022-09-06 07:55:31,519:logger:354 rows have missing values
2022-09-06 11:23:42,388:logger:../data/store.csv with version v1 Loaded
2022-09-06 11:23:43,002:logger:../data/train.csv with version v1 Loaded
2022-09-06 11:23:43,084:logger:../data/test.csv with version v1 Loaded
2022-09-06 11:23:46,776:logger:['StateHoliday'] converted to string.
2022-09-06 11:23:46,903:logger:['Date'] converted to datetime.
2022-09-06 11:23:49,064:logger:Column 'Year' added.
2022-09-06 11:23:50,643:logger:Column 'Month' added.
2022-09-06 11:23:52,212:logger:Column 'DayOfMonth' added.
2022-09-06 11:23:54,160:logger:Column 'WeekOfYear' added.
2022-09-06 11:23:54,417:logger:Column 'weekday' added.
2022-09-06 11:23:54,502:logger:2343 missing values found
2022-09-06 11:23:55,918:logger:Your selected dataframe has 10 columns.
There are 6 columns that have missing values.
2022-09-06 11:23:56,493:logger:750 rows have missing values
2022-09-06 11:23:56,839:logger:544 rows have missing values
2022-09-06 11:23:57,137:logger:354 rows have missing values
2022-09-06 11:55:24,066:logger:../data/store.csv with version v1 Loaded
2022-09-06 11:55:24,640:logger:../data/train.csv with version v1 Loaded
2022-09-06 11:55:24,734:logger:../data/test.csv with version v1 Loaded
2022-09-06 11:55:28,284:logger:['StateHoliday'] converted to string.
2022-09-06 11:55:28,397:logger:['Date'] converted to datetime.
2022-09-06 11:55:30,405:logger:Column 'Year' added.
2022-09-06 11:55:31,974:logger:Column 'Month' added.
2022-09-06 11:55:33,505:logger:Column 'DayOfMonth' added.
2022-09-06 11:55:35,396:logger:Column 'WeekOfYear' added.
2022-09-06 11:55:35,652:logger:Column 'weekday' added.
2022-09-06 11:55:35,716:logger:2343 missing values found
2022-09-06 11:55:36,067:logger:Your selected dataframe has 10 columns.
There are 6 columns that have missing values.
2022-09-06 11:55:36,491:logger:750 rows have missing values
2022-09-06 11:55:36,807:logger:544 rows have missing values
2022-09-06 11:55:38,351:logger:354 rows have missing values
2022-09-06 11:56:10,007:logger:../data/store.csv with version v1 Loaded
2022-09-06 11:56:10,545:logger:../data/train.csv with version v1 Loaded
2022-09-06 11:56:10,625:logger:../data/test.csv with version v1 Loaded
2022-09-06 11:56:13,731:logger:['StateHoliday'] converted to string.
2022-09-06 11:56:13,842:logger:['Date'] converted to datetime.
2022-09-06 11:56:15,819:logger:Column 'Year' added.
2022-09-06 11:56:17,376:logger:Column 'Month' added.
2022-09-06 11:56:18,907:logger:Column 'DayOfMonth' added.
2022-09-06 11:56:20,817:logger:Column 'WeekOfYear' added.
2022-09-06 11:56:21,067:logger:Column 'weekday' added.
2022-09-06 11:56:21,101:logger:2343 missing values found
2022-09-06 11:56:21,254:logger:Your selected dataframe has 10 columns.
There are 6 columns that have missing values.
2022-09-06 11:56:21,455:logger:750 rows have missing values
2022-09-06 11:56:21,594:logger:544 rows have missing values
2022-09-06 11:56:21,750:logger:354 rows have missing values
2022-09-06 11:56:26,061:logger:544 missing values in the column Promo2SinceWeek have been replaced by 0.
2022-09-06 11:56:26,068:logger:544 missing values in the column Promo2SinceYear have been replaced by 0.
2022-09-06 12:05:52,558:logger:544 missing values in the column PromoInterval have been replaced by 0,0,0,0.
2022-09-06 12:28:41,005:logger:354 missing values in the column CompetitionOpenSinceYear have been replaced by 1900.0.
2022-09-06 12:28:41,008:logger:354 missing values in the column CompetitionOpenSinceMonth have been replaced by 1.
2022-09-06 12:34:37,345:logger:3 missing values in the column CompetitionDistance have been replaced by 75860.0.
2022-09-06 12:52:53,277:logger:../data/store.csv with version v1 Loaded
2022-09-06 12:52:54,699:logger:../data/train.csv with version v1 Loaded
2022-09-06 12:52:54,784:logger:../data/test.csv with version v1 Loaded
2022-09-06 12:52:57,645:logger:['StateHoliday'] converted to string.
2022-09-06 12:52:57,759:logger:['Date'] converted to datetime.
2022-09-06 12:52:59,844:logger:Column 'Year' added.
2022-09-06 12:53:01,419:logger:Column 'Month' added.
2022-09-06 12:53:02,942:logger:Column 'DayOfMonth' added.
2022-09-06 12:53:04,825:logger:Column 'WeekOfYear' added.
2022-09-06 12:53:05,091:logger:Column 'weekday' added.
2022-09-06 12:53:05,159:logger:2343 missing values found
2022-09-06 12:53:06,457:logger:Your selected dataframe has 10 columns.
There are 6 columns that have missing values.
2022-09-06 12:53:06,853:logger:750 rows have missing values
2022-09-06 12:53:07,125:logger:544 rows have missing values
2022-09-06 12:53:07,486:logger:354 rows have missing values
2022-09-06 12:53:12,347:logger:544 missing values in the column Promo2SinceWeek have been replaced by 0.
2022-09-06 12:53:12,354:logger:544 missing values in the column Promo2SinceYear have been replaced by 0.
2022-09-06 12:53:12,748:logger:544 missing values in the column PromoInterval have been replaced by 0,0,0,0.
2022-09-06 12:53:15,319:logger:354 missing values in the column CompetitionOpenSinceYear have been replaced by 1900.0.
2022-09-06 12:53:15,325:logger:354 missing values in the column CompetitionOpenSinceMonth have been replaced by 1.
2022-09-06 12:53:17,932:logger:3 missing values in the column CompetitionDistance have been replaced by 75860.0.
2022-09-06 13:04:27,347:logger:['StoreType', 'Assortment', 'PromoInterval'] converted to string.
2022-09-06 13:04:27,350:logger:['CompetitionOpenSinceMonth', 'CompetitionOpenSinceYear', 'Promo2SinceWeek', 'Promo2SinceYear'] converted to int.
2022-09-06 13:11:57,547:logger:../data/store.csv with version v1 Loaded
2022-09-06 13:11:58,096:logger:../data/train.csv with version v1 Loaded
2022-09-06 13:11:58,173:logger:../data/test.csv with version v1 Loaded
2022-09-06 13:12:00,023:logger:['StateHoliday'] converted to string.
2022-09-06 13:12:00,140:logger:['Date'] converted to datetime.
2022-09-06 13:12:02,141:logger:Column 'Year' added.
2022-09-06 13:12:03,703:logger:Column 'Month' added.
2022-09-06 13:12:05,233:logger:Column 'DayOfMonth' added.
2022-09-06 13:12:07,054:logger:Column 'WeekOfYear' added.
2022-09-06 13:12:07,317:logger:Column 'weekday' added.
2022-09-06 13:12:07,378:logger:2343 missing values found
2022-09-06 13:12:08,243:logger:Your selected dataframe has 10 columns.
There are 6 columns that have missing values.
2022-09-06 13:12:08,663:logger:750 rows have missing values
2022-09-06 13:12:08,971:logger:544 rows have missing values
2022-09-06 13:12:09,221:logger:354 rows have missing values
2022-09-06 13:12:14,473:logger:544 missing values in the column Promo2SinceWeek have been replaced by 0.
2022-09-06 13:12:14,479:logger:544 missing values in the column Promo2SinceYear have been replaced by 0.
2022-09-06 13:12:15,789:logger:544 missing values in the column PromoInterval have been replaced by 0,0,0,0.
2022-09-06 13:12:18,823:logger:354 missing values in the column CompetitionOpenSinceYear have been replaced by 1900.0.
2022-09-06 13:12:18,831:logger:354 missing values in the column CompetitionOpenSinceMonth have been replaced by 1.
2022-09-06 13:12:21,167:logger:3 missing values in the column CompetitionDistance have been replaced by 75860.0.
2022-09-06 13:12:21,471:logger:['StoreType', 'Assortment', 'PromoInterval'] converted to string.
2022-09-06 13:12:21,480:logger:['CompetitionOpenSinceMonth', 'CompetitionOpenSinceYear', 'Promo2SinceWeek', 'Promo2SinceYear'] converted to int.
2022-09-06 13:15:05,608:logger:Saved to path ../data/train.csv
2022-09-06 13:22:15,143:logger:Saved to path ../data/store.csv
2022-09-06 13:24:40,604:logger:../data/store.csv with version v2store Loaded
2022-09-06 13:26:32,604:logger:Saved to path ../data/store.csv
2022-09-06 13:28:32,213:logger:Saved to path ../data/storev2.csv
2022-09-06 13:28:39,131:logger:Saved to path ../data/store.csv
2022-09-06 13:29:47,372:logger:../data/train.csv with version v2 Loaded
2022-09-06 13:30:27,100:logger:../data/store.csv with version v2store Loaded
2022-09-06 13:30:45,337:logger:../data/store.csv with version v2 Loaded
2022-09-06 13:30:58,020:logger:../data/store.csv with version v2 Loaded
2022-09-06 13:31:18,763:logger:unknown Git revision 'v0'
2022-09-06 13:31:33,089:logger:../data/store.csv with version v2 Loaded
2022-09-06 13:41:05,899:logger:Saved to path ../data/train_merged.csv
2022-09-06 13:41:42,527:logger:Saved to path ../data/train.csv
2022-09-06 13:46:20,190:logger:../data/train.csv with version v3merged Loaded
2022-09-06 13:47:57,560:logger:../data/train.csv with version v3merged Loaded
2022-09-06 15:58:26,883:logger:../data/store.csv with version v1 Loaded
2022-09-06 15:58:28,347:logger:../data/train.csv with version v1 Loaded
2022-09-06 15:58:28,763:logger:../data/test.csv with version v1 Loaded
2022-09-06 15:58:32,346:logger:['StateHoliday'] converted to string.
2022-09-06 15:58:32,461:logger:['Date'] converted to datetime.
2022-09-06 15:58:34,595:logger:Column 'Year' added.
2022-09-06 15:58:36,248:logger:Column 'Month' added.
2022-09-06 15:58:37,879:logger:Column 'DayOfMonth' added.
2022-09-06 15:58:39,952:logger:Column 'WeekOfYear' added.
2022-09-06 15:58:40,241:logger:Column 'weekday' added.
2022-09-06 15:58:40,337:logger:2343 missing values found
2022-09-06 15:58:40,676:logger:Your selected dataframe has 10 columns.
There are 6 columns that have missing values.
2022-09-06 15:58:41,074:logger:750 rows have missing values
2022-09-06 15:58:41,412:logger:544 rows have missing values
2022-09-06 15:58:41,576:logger:354 rows have missing values
2022-09-06 15:58:48,097:logger:544 missing values in the column Promo2SinceWeek have been replaced by 0.
2022-09-06 15:58:48,105:logger:544 missing values in the column Promo2SinceYear have been replaced by 0.
2022-09-06 15:58:48,393:logger:544 missing values in the column PromoInterval have been replaced by 0,0,0,0.
2022-09-06 15:58:50,701:logger:354 missing values in the column CompetitionOpenSinceYear have been replaced by 1900.0.
2022-09-06 15:58:50,710:logger:354 missing values in the column CompetitionOpenSinceMonth have been replaced by 1.
2022-09-06 15:58:53,473:logger:3 missing values in the column CompetitionDistance have been replaced by 75860.0.
2022-09-06 15:58:53,845:logger:['StoreType', 'Assortment', 'PromoInterval'] converted to string.
2022-09-06 15:58:53,859:logger:['CompetitionOpenSinceMonth', 'CompetitionOpenSinceYear', 'Promo2SinceWeek', 'Promo2SinceYear'] converted to int.
2022-09-06 15:59:02,501:logger:../data/train.csv with version v3merged Loaded
2022-09-06 19:27:53,916:logger:../data/store.csv with version v1 Loaded
2022-09-06 19:27:54,607:logger:../data/train.csv with version v1 Loaded
2022-09-06 19:27:54,757:logger:../data/test.csv with version v1 Loaded
2022-09-06 19:27:57,417:logger:['StateHoliday'] converted to string.
2022-09-06 19:27:57,537:logger:['Date'] converted to datetime.
2022-09-06 19:27:59,681:logger:Column 'Year' added.
2022-09-06 19:28:01,357:logger:Column 'Month' added.
2022-09-06 19:28:03,013:logger:Column 'DayOfMonth' added.
2022-09-06 19:28:05,081:logger:Column 'WeekOfYear' added.
2022-09-06 19:28:05,366:logger:Column 'weekday' added.
2022-09-06 19:28:05,461:logger:2343 missing values found
2022-09-06 19:28:05,691:logger:Your selected dataframe has 10 columns.
There are 6 columns that have missing values.
2022-09-06 19:28:06,014:logger:750 rows have missing values
2022-09-06 19:28:06,490:logger:544 rows have missing values
2022-09-06 19:28:06,746:logger:354 rows have missing values
2022-09-06 19:28:11,276:logger:544 missing values in the column Promo2SinceWeek have been replaced by 0.
2022-09-06 19:28:11,279:logger:544 missing values in the column Promo2SinceYear have been replaced by 0.
2022-09-06 19:28:11,473:logger:544 missing values in the column PromoInterval have been replaced by 0,0,0,0.
2022-09-06 19:28:16,558:logger:3 missing values in the column CompetitionDistance have been replaced by 75860.0.
2022-09-06 19:28:17,844:logger:['StoreType', 'Assortment', 'PromoInterval'] converted to string.
2022-09-06 19:28:17,850:logger:Cannot convert non-finite values (NA or inf) to integer
2022-09-06 19:28:23,915:logger:../data/train.csv with version v3merged Loaded
2022-09-07 04:48:45,310:logger:../data/store.csv with version v2store Loaded
2022-09-07 04:51:13,998:logger:../data/store.csv with version v1 Loaded
2022-09-07 04:52:59,122:logger:Saved to path ../data/store.csv
2022-09-07 04:58:36,930:logger:../data/store.csv with version v2store Loaded
2022-09-07 05:00:05,343:logger:../data/store.csv with version v1 Loaded
2022-09-07 05:00:13,698:logger:../data/store.csv with version v2store Loaded
2022-09-07 05:00:59,053:logger:../data/store.csv with version v2store Loaded
2022-09-07 05:18:19,821:logger:../data/store.csv with version v2store Loaded
2022-09-07 05:18:24,792:logger:../data/store.csv with version v2 Loaded
2022-09-07 05:18:29,608:logger:unknown Git revision 'ww'
2022-09-07 05:18:35,275:logger:unknown Git revision 'v3'
2022-09-07 05:18:40,068:logger:../data/store.csv with version v2store Loaded
2022-09-07 18:22:46,838:logger:../data/train.csv with version v2 Loaded
2022-09-07 18:23:02,464:logger:unknown Git revision 'v2merged'
2022-09-07 18:23:31,378:logger:unknown Git revision 'v2train'
2022-09-07 18:25:42,748:logger:../data/train.csv with version v3merged Loaded
2022-09-07 18:46:18,644:logger:../data/train.csv with version v3merged Loaded
2022-09-07 18:47:00,195:logger:RMSE Score: 987.2563139398419
2022-09-07 18:47:00,196:logger:R2_Squared: 0.9343492792734832
2022-09-07 18:47:00,197:logger:MAE Score: 594.701199359031
2022-09-07 18:47:00,206:logger:Accuracy: 89.17 %.
2022-09-07 18:47:02,378:logger:feature importance plotted
2022-09-07 20:03:25,464:logger:../data/train.csv with version v3merged Loaded
2022-09-07 20:09:25,832:logger:../data/train.csv with version v3merged Loaded
2022-09-07 20:09:33,118:logger:Piplined retrieved
2022-09-07 20:10:25,133:logger:RMSE Score: 960.1905768951864
2022-09-07 20:10:25,134:logger:R2_Squared: 0.9378995799835437
2022-09-07 20:10:25,136:logger:MAE Score: 580.4511185825282
2022-09-07 20:10:25,148:logger:Accuracy: 89.42 %.
2022-09-07 20:10:25,830:logger:feature importance plotted
2022-09-07 20:42:05,476:logger:plotted prediction vs true labels
2022-09-07 20:42:20,847:logger:RESOURCE_DOES_NOT_EXIST: No Experiment with id=1 exists
2022-09-07 20:58:00,925:logger:../data/train.csv with version v3merged Loaded
2022-09-07 20:58:02,743:logger:Piplined retrieved
2022-09-07 20:58:53,861:logger:RMSE Score: 958.571893148931
2022-09-07 20:58:53,862:logger:R2_Squared: 0.9381087805612658
2022-09-07 20:58:53,863:logger:MAE Score: 580.3016823795808
2022-09-07 20:58:53,871:logger:Accuracy: 89.41 %.
2022-09-07 20:58:54,827:logger:RESOURCE_DOES_NOT_EXIST: No Experiment with id=1 exists
2022-09-07 21:05:08,024:logger:../data/train.csv with version v3merged Loaded
2022-09-07 21:05:09,669:logger:Piplined retrieved
2022-09-07 21:06:05,064:logger:RMSE Score: 960.846428283928
2022-09-07 21:06:05,065:logger:R2_Squared: 0.9378147165045703
2022-09-07 21:06:05,066:logger:MAE Score: 580.8241411966719
2022-09-07 21:06:05,073:logger:Accuracy: 89.41 %.
2022-09-07 21:06:05,135:logger:start_run() got an unexpected keyword argument 'experiment_name'
2022-09-07 21:06:24,079:logger:Piplined retrieved
2022-09-07 21:07:13,978:logger:RMSE Score: 960.1218580259413
2022-09-07 21:07:13,979:logger:R2_Squared: 0.937908468464724
2022-09-07 21:07:13,979:logger:MAE Score: 580.7379426732597
2022-09-07 21:07:13,987:logger:Accuracy: 89.41 %.
2022-09-07 21:07:14,843:logger:start_run() got an unexpected keyword argument 'experiment_name'
2022-09-07 21:07:29,521:logger:../data/train.csv with version v3merged Loaded
2022-09-07 21:07:30,892:logger:Piplined retrieved
2022-09-07 21:08:29,359:logger:RMSE Score: 957.2604189301626
2022-09-07 21:08:29,360:logger:R2_Squared: 0.9382780181814463
2022-09-07 21:08:29,361:logger:MAE Score: 579.3821423304922
2022-09-07 21:08:29,369:logger:Accuracy: 89.43 %.
2022-09-08 08:54:15,545:logger:../data/train.csv with version v3merged Loaded
2022-09-08 08:54:18,735:logger:Piplined retrieved
2022-09-08 08:55:17,953:logger:RMSE Score: 957.3788540749395
2022-09-08 08:55:17,955:logger:R2_Squared: 0.9382627443773303
2022-09-08 08:55:17,956:logger:MAE Score: 579.0009512948818
2022-09-08 08:55:17,968:logger:Accuracy: 89.44 %.
2022-09-08 08:55:19,007:logger:feature importance plotted
2022-09-08 09:25:59,556:logger:plotted prediction vs true labels
2022-09-08 09:44:52,957:logger:[Errno 2] No such file or directory: '../images/predictions_plot.png'
2022-09-08 09:54:50,308:logger:../data/train.csv with version v3merged Loaded
2022-09-08 09:54:54,749:logger:Piplined retrieved
2022-09-08 09:55:46,899:logger:RMSE Score: 956.2889036030075
2022-09-08 09:55:46,902:logger:R2_Squared: 0.9384032368195027
2022-09-08 09:55:46,905:logger:MAE Score: 579.2189928005689
2022-09-08 09:55:46,923:logger:Accuracy: 89.43 %.
2022-09-08 09:55:47,582:logger:feature importance plotted
2022-09-08 10:26:38,949:logger:plotted prediction vs true labels
2022-09-08 11:44:20,525:logger:../data/train.csv with version v3merged Loaded
2022-09-08 12:01:42,131:logger:../data/train.csv with version v3merged Loaded
2022-09-08 12:32:00,069:logger:../data/store.csv with version v1 Loaded
2022-09-08 12:32:07,668:logger:../data/train.csv with version v1 Loaded
2022-09-08 12:32:10,495:logger:../data/test.csv with version v1 Loaded
2022-09-08 12:32:48,313:logger:['StateHoliday'] converted to string.
2022-09-08 12:32:48,435:logger:['Date'] converted to datetime.
2022-09-08 12:32:50,568:logger:Column 'Year' added.
2022-09-08 12:32:52,209:logger:Column 'Month' added.
2022-09-08 12:32:53,843:logger:Column 'DayOfMonth' added.
2022-09-08 12:32:55,881:logger:Column 'WeekOfYear' added.
2022-09-08 12:32:56,144:logger:Column 'weekday' added.
2022-09-08 12:33:08,624:logger:2343 missing values found
2022-09-08 12:33:12,307:logger:Your selected dataframe has 10 columns.
There are 6 columns that have missing values.
2022-09-08 12:33:17,272:logger:750 rows have missing values
2022-09-08 12:33:20,662:logger:544 rows have missing values
2022-09-08 12:33:31,046:logger:354 rows have missing values
2022-09-08 12:34:27,680:logger:544 missing values in the column Promo2SinceWeek have been replaced by 0.
2022-09-08 12:34:27,682:logger:544 missing values in the column Promo2SinceYear have been replaced by 0.
2022-09-08 12:34:32,174:logger:544 missing values in the column PromoInterval have been replaced by 0,0,0,0.
2022-09-08 12:35:41,307:logger:3 missing values in the column CompetitionDistance have been replaced by 75860.0.
2022-09-08 12:35:45,594:logger:['StoreType', 'Assortment', 'PromoInterval'] converted to string.
2022-09-08 12:35:45,597:logger:Cannot convert non-finite values (NA or inf) to integer
2022-09-08 12:43:13,784:logger:Saved to path ../data/train.csv
2022-09-08 12:45:48,948:logger:unknown Git revision 'v4mergeddate'
2022-09-08 12:46:21,277:logger:unknown Git revision 'v4mergeddate'
2022-09-08 12:47:06,812:logger:Saved to path ../data/train_merged_with_date.csv
2022-09-08 12:48:18,039:logger:unknown Git revision '0c4350403d54ee4b0aa5de74f98b039e92a224a8'
2022-09-08 12:49:33,093:logger:unknown Git revision '0c4350403d54ee4b0aa5de74f98b039e92a224a8'
2022-09-08 12:50:03,349:logger:unknown Git revision '0c4350403d54ee4b0aa5de74f98b039e92a224a8'
2022-09-08 12:50:28,870:logger:../data/train.csv with version v3merged Loaded
2022-09-08 12:51:05,037:logger:../data/train.csv with version v3merged Loaded
2022-09-08 12:51:09,517:logger:unknown Git revision '0c4350403d54ee4b0aa5de74f98b039e92a224a8'
2022-09-08 12:51:19,784:logger:../data/train.csv with version v3merged Loaded
2022-09-09 08:27:23,143:logger:../data/store.csv with version v1 Loaded
2022-09-09 08:27:27,365:logger:../data/train.csv with version v1 Loaded
2022-09-09 08:27:29,040:logger:../data/test.csv with version v1 Loaded
2022-09-09 08:27:55,976:logger:['StateHoliday'] converted to string.
2022-09-09 08:27:56,129:logger:['Date'] converted to datetime.
2022-09-09 08:27:58,378:logger:Column 'Year' added.
2022-09-09 08:28:00,186:logger:Column 'Month' added.
2022-09-09 08:28:01,872:logger:Column 'DayOfMonth' added.
2022-09-09 08:28:04,055:logger:Column 'WeekOfYear' added.
2022-09-09 08:28:04,321:logger:Column 'weekday' added.
2022-09-09 08:28:13,638:logger:2343 missing values found
2022-09-09 08:28:15,957:logger:Your selected dataframe has 10 columns.
There are 6 columns that have missing values.
2022-09-09 08:28:21,015:logger:750 rows have missing values
2022-09-09 08:28:23,752:logger:544 rows have missing values
2022-09-09 08:28:25,413:logger:354 rows have missing values
2022-09-09 08:28:47,697:logger:544 missing values in the column Promo2SinceWeek have been replaced by 0.
2022-09-09 08:28:47,700:logger:544 missing values in the column Promo2SinceYear have been replaced by 0.
2022-09-09 08:28:50,299:logger:544 missing values in the column PromoInterval have been replaced by 0,0,0,0.
2022-09-09 08:29:16,293:logger:354 missing values in the column CompetitionOpenSinceYear have been replaced by 1900.0.
2022-09-09 08:29:16,296:logger:354 missing values in the column CompetitionOpenSinceMonth have been replaced by 1.
2022-09-09 08:29:31,961:logger:3 missing values in the column CompetitionDistance have been replaced by 75860.0.
2022-09-09 08:29:33,628:logger:['StoreType', 'Assortment', 'PromoInterval'] converted to string.
2022-09-09 08:29:33,631:logger:['CompetitionOpenSinceMonth', 'CompetitionOpenSinceYear', 'Promo2SinceWeek', 'Promo2SinceYear'] converted to int.
2022-09-09 08:29:48,172:logger:Saved to path ../data/train_processed.csv
2022-09-09 08:30:16,633:logger:Saved to path ../data/train.csv
2022-09-09 08:32:20,450:logger:unknown Git revision 'v2trainp'
2022-09-09 11:49:25,018:logger:../data/train.csv with version v1 Loaded
2022-09-09 11:49:35,529:logger:The path '../data/train_1.csv' does not exist in the target repository '/home/n/Documents/10_Academy/Pharmaceutical-Sales-Prediction-across-multiple-stores' neither as a DVC output nor as a Git-tracked file.
2022-09-09 11:49:55,581:logger:../data/train.csv with version v1 Loaded
2022-09-09 11:51:04,986:logger:../data/train.csv with version v1 Loaded
2022-09-09 11:51:31,851:logger:../data/train.csv with version v1 Loaded
2022-09-09 11:51:35,512:logger:../data/test.csv with version v1 Loaded
2022-09-09 11:52:00,035:logger:['StateHoliday'] converted to string.
2022-09-09 11:52:00,306:logger:['Date'] converted to datetime.
2022-09-09 11:52:05,727:logger:Column 'Year' added.
2022-09-09 11:52:07,605:logger:Column 'Month' added.
2022-09-09 11:52:09,273:logger:Column 'DayOfMonth' added.
2022-09-09 11:52:11,417:logger:Column 'WeekOfYear' added.
2022-09-09 11:52:11,685:logger:Column 'weekday' added.
2022-09-09 11:54:03,928:logger:Saved to path ../data/train_processed.csv
2022-09-09 11:54:18,277:logger:Saved to path ../data/train.csv
2022-09-09 12:19:18,609:logger:'CleaningPipeline' object has no attribute 'scale_column'
2022-09-09 12:19:18,612:logger:'NoneType' object has no attribute 'dtypes'
2022-09-09 12:19:47,293:logger:'CleaningPipeline' object has no attribute 'scale_column'
2022-09-09 12:19:47,295:logger:'NoneType' object has no attribute 'dtypes'
2022-09-09 12:23:51,771:logger:['Sales'] scaled between (-1, 1)
2022-09-09 12:23:51,772:logger:Data types converted.
2022-09-09 12:26:16,727:logger:['Sales'] scaled between (-1, 1)
2022-09-09 12:26:16,729:logger:Data types converted.
2022-09-09 12:28:08,391:logger:['Sales'] scaled between (-1, 1)
2022-09-09 12:28:08,393:logger:Data types converted.
2022-09-09 12:31:25,868:logger:941 fetched
2022-09-09 15:58:17,624:logger:Piplined retrieved
2022-09-09 16:14:38,035:logger:RMSE Score: 1518.5715297014785
2022-09-09 16:14:38,325:logger:R2_Squared: 0.8446718516000565
2022-09-09 16:14:38,329:logger:MAE Score: 867.784159138122
2022-09-09 16:14:38,623:logger:Accuracy: 83.87 %.
2022-09-09 16:14:45,677:logger:feature importance plotted
2022-09-09 17:09:19,795:logger:Piplined retrieved
2022-09-09 17:22:50,486:logger:RMSE Score: 1508.4646427042019
2022-09-09 17:22:50,487:logger:R2_Squared: 0.8467325511634001
2022-09-09 17:22:50,488:logger:MAE Score: 857.5689591703168
2022-09-09 17:22:50,496:logger:Accuracy: 83.99 %.
2022-09-09 17:22:51,110:logger:feature importance plotted
2022-09-09 17:53:32,453:logger:plotted prediction vs true labels
2022-09-09 17:53:43,762:logger:RESOURCE_DOES_NOT_EXIST: No Experiment with id=2 exists
2022-09-09 18:28:11,560:logger:../data/train.csv with version v2 Loaded
